<?xml version="1.0" encoding="UTF-8"?>
<testsuite xmlns:xsi="http://www.w3.org/2001/XMLSchema-instance" xsi:noNamespaceSchemaLocation="https://maven.apache.org/surefire/maven-surefire-plugin/xsd/surefire-test-report-3.0.xsd" version="3.0" name="com.a2.service.BookServiceTest" time="8.383" tests="3" errors="0" skipped="0" failures="0">
  <properties>
[...]
</properties>
  <testcase name="testSearchBooksWhenTermIsNull" classname="com.a2.service.BookServiceTest" time="0.545">
    <system-out><![CDATA[21:22:59.679 [main] INFO org.springframework.test.context.support.AnnotationConfigContextLoaderUtils -- Could not detect default configuration classes for test class [com.a2.service.BookServiceTest]: BookServiceTest does not declare any static, non-private, non-final, nested classes annotated with @Configuration.
21:22:59.909 [main] INFO org.springframework.boot.test.context.SpringBootTestContextBootstrapper -- Found @SpringBootConfiguration com.a2.App for test class com.a2.service.BookServiceTest

  .   ____          _            __ _ _
 /\\ / ___'_ __ _ _(_)_ __  __ _ \ \ \ \
( ( )\___ | '_ | '_| | '_ \/ _` | \ \ \ \
 \\/  ___)| |_)| | | | | || (_| |  ) ) ) )
  '  |____| .__|_| |_|_| |_\__, | / / / /
 =========|_|==============|___/=/_/_/_/

 :: Spring Boot ::                (v3.3.2)

2026-07-29T21:23:00.711-07:00  INFO 49304 --- [           main] com.a2.service.BookServiceTest           : Starting BookServiceTest using Java 27-ea with PID 49304 (started by alcaz in /home/alcaz/projects/book-search)
2026-07-29T21:23:00.713-07:00  INFO 49304 --- [           main] com.a2.service.BookServiceTest           : No active profile set, falling back to 1 default profile: "default"
2026-07-29T21:23:02.375-07:00  INFO 49304 --- [           main] .s.d.r.c.RepositoryConfigurationDelegate : Bootstrapping Spring Data JPA repositories in DEFAULT mode.
2026-07-29T21:23:02.465-07:00  INFO 49304 --- [           main] .s.d.r.c.RepositoryConfigurationDelegate : Finished Spring Data repository scanning in 74 ms. Found 1 JPA repository interface.
2026-07-29T21:23:03.241-07:00  INFO 49304 --- [           main] o.hibernate.jpa.internal.util.LogHelper  : HHH000204: Processing PersistenceUnitInfo [name: default]
2026-07-29T21:23:03.313-07:00  INFO 49304 --- [           main] org.hibernate.Version                    : HHH000412: Hibernate ORM core version 6.5.2.Final
2026-07-29T21:23:03.382-07:00  INFO 49304 --- [           main] o.h.c.internal.RegionFactoryInitiator    : HHH000026: Second-level cache disabled
2026-07-29T21:23:03.751-07:00  INFO 49304 --- [           main] o.s.o.j.p.SpringPersistenceUnitInfo      : No LoadTimeWeaver setup: ignoring JPA class transformer
2026-07-29T21:23:03.787-07:00  INFO 49304 --- [           main] com.zaxxer.hikari.HikariDataSource       : HikariPool-1 - Starting...
2026-07-29T21:23:04.127-07:00  INFO 49304 --- [           main] com.zaxxer.hikari.pool.HikariPool        : HikariPool-1 - Added connection org.postgresql.jdbc.PgConnection@4f26425b
2026-07-29T21:23:04.129-07:00  INFO 49304 --- [           main] com.zaxxer.hikari.HikariDataSource       : HikariPool-1 - Start completed.
2026-07-29T21:23:04.196-07:00  WARN 49304 --- [           main] org.hibernate.orm.deprecation            : HHH90000025: PostgreSQLDialect does not need to be specified explicitly using 'hibernate.dialect' (remove the property setting and it will be selected by default)
2026-07-29T21:23:05.234-07:00  INFO 49304 --- [           main] o.h.e.t.j.p.i.JtaPlatformInitiator       : HHH000489: No JTA platform available (set 'hibernate.transaction.jta.platform' to enable JTA platform integration)
2026-07-29T21:23:05.238-07:00  INFO 49304 --- [           main] j.LocalContainerEntityManagerFactoryBean : Initialized JPA EntityManagerFactory for persistence unit 'default'
2026-07-29T21:23:05.667-07:00  INFO 49304 --- [           main] o.s.d.j.r.query.QueryEnhancerFactory     : Hibernate is in classpath; If applicable, HQL parser will be used.
2026-07-29T21:23:06.009-07:00  WARN 49304 --- [           main] JpaBaseConfiguration$JpaWebConfiguration : spring.jpa.open-in-view is enabled by default. Therefore, database queries may be performed during view rendering. Explicitly configure spring.jpa.open-in-view to disable this warning
2026-07-29T21:23:06.746-07:00  INFO 49304 --- [           main] com.a2.service.BookServiceTest           : Started BookServiceTest in 6.566 seconds (process running for 8.586)
]]></system-out>
    <system-err><![CDATA[WARNING: A Java agent has been loaded dynamically (/home/alcaz/.m2/repository/net/bytebuddy/byte-buddy-agent/1.14.18/byte-buddy-agent-1.14.18.jar)
WARNING: If a serviceability tool is in use, please run with -XX:+EnableDynamicAgentLoading to hide this warning
WARNING: If a serviceability tool is not in use, please run with -Djdk.instrument.traceUsage for more information
WARNING: Dynamic loading of agents will be disallowed by default in a future release
]]></system-err>
  </testcase>
  <testcase name="testSearchBooksWhenTermIsEmpty" classname="com.a2.service.BookServiceTest" time="0.005"/>
  <testcase name="testSearchBooksWhenTermIsValid" classname="com.a2.service.BookServiceTest" time="0.447">
    <system-out><![CDATA[Hibernate: SELECT * FROM books WHERE search_vector @@ to_tsquery(?)
]]></system-out>
  </testcase>
</testsuite>